0 info it worked if it ends with ok
1 verbose cli [ 'C:\\Program Files (x86)\\Microsoft Visual Studio 14.0\\Web\\External\\node.exe',
1 verbose cli   'C:\\Program Files (x86)\\Microsoft Visual Studio 14.0\\Web\\External\\node_modules\\npm\\bin\\npm-cli.js',
1 verbose cli   'install' ]
2 info using npm@3.3.4
3 info using node@v5.4.1
4 silly loadCurrentTree Starting
5 silly install loadCurrentTree
6 silly install readLocalPackageData
7 silly install normalizeTree
8 silly loadCurrentTree Finishing
9 silly loadIdealTree Starting
10 silly install loadIdealTree
11 silly cloneCurrentTree Starting
12 silly install cloneCurrentTreeToIdealTree
13 silly cloneCurrentTree Finishing
14 silly loadShrinkwrap Starting
15 silly install loadShrinkwrap
16 silly loadShrinkwrap Finishing
17 silly loadAllDepsIntoIdealTree Starting
18 silly install loadAllDepsIntoIdealTree
19 silly fetchNamedPackageData datatables
20 silly mapToRegistry name datatables
21 silly mapToRegistry using default registry
22 silly mapToRegistry registry https://registry.npmjs.org/
23 silly mapToRegistry uri https://registry.npmjs.org/datatables
24 silly fetchNamedPackageData jquery
25 silly mapToRegistry name jquery
26 silly mapToRegistry using default registry
27 silly mapToRegistry registry https://registry.npmjs.org/
28 silly mapToRegistry uri https://registry.npmjs.org/jquery
29 silly fetchNamedPackageData mustache
30 silly mapToRegistry name mustache
31 silly mapToRegistry using default registry
32 silly mapToRegistry registry https://registry.npmjs.org/
33 silly mapToRegistry uri https://registry.npmjs.org/mustache
34 silly fetchNamedPackageData underscore
35 silly mapToRegistry name underscore
36 silly mapToRegistry using default registry
37 silly mapToRegistry registry https://registry.npmjs.org/
38 silly mapToRegistry uri https://registry.npmjs.org/underscore
39 verbose request uri https://registry.npmjs.org/datatables
40 verbose request no auth needed
41 info attempt registry request try #1 at 12:30:53
42 verbose request id 7aec13dd8748ec19
43 verbose etag W/"d6c7ee854d6f58769a39fd14ea1b8251"
44 verbose lastModified Wed, 20 Jun 2018 08:59:36 GMT
45 http request GET https://registry.npmjs.org/datatables
46 verbose request uri https://registry.npmjs.org/mustache
47 verbose request no auth needed
48 info attempt registry request try #1 at 12:30:53
49 verbose etag W/"7c70f00f654dad766caf821cbef642cb"
50 verbose lastModified Sun, 28 Mar 2021 19:28:02 GMT
51 http request GET https://registry.npmjs.org/mustache
52 verbose request uri https://registry.npmjs.org/jquery
53 verbose request no auth needed
54 info attempt registry request try #1 at 12:30:53
55 verbose etag W/"6bf8eee6db2b055aeabec88b73f0239a"
56 verbose lastModified Tue, 02 Mar 2021 17:12:19 GMT
57 http request GET https://registry.npmjs.org/jquery
58 verbose request uri https://registry.npmjs.org/underscore
59 verbose request no auth needed
60 info attempt registry request try #1 at 12:30:53
61 verbose etag W/"b61ac632f31812b2e119122d913efd3f"
62 verbose lastModified Sun, 20 Jun 2021 16:05:40 GMT
63 http request GET https://registry.npmjs.org/underscore
64 http 304 https://registry.npmjs.org/jquery
65 verbose headers { date: 'Tue, 29 Jun 2021 09:30:53 GMT',
65 verbose headers   connection: 'keep-alive',
65 verbose headers   'cf-ray': '666e2384de918474-LED',
65 verbose headers   age: '5983',
65 verbose headers   'cache-control': 'public, max-age=300',
65 verbose headers   etag: '"6bf8eee6db2b055aeabec88b73f0239a"',
65 verbose headers   'last-modified': 'Tue, 02 Mar 2021 17:12:19 GMT',
65 verbose headers   vary: 'Accept-Encoding',
65 verbose headers   'cf-cache-status': 'HIT',
65 verbose headers   'cf-request-id': '0af8b4870800008474191f2000000001',
65 verbose headers   'expect-ct': 'max-age=604800, report-uri="https://report-uri.cloudflare.com/cdn-cgi/beacon/expect-ct"',
65 verbose headers   server: 'cloudflare' }
66 silly get cb [ 304,
66 silly get   { date: 'Tue, 29 Jun 2021 09:30:53 GMT',
66 silly get     connection: 'keep-alive',
66 silly get     'cf-ray': '666e2384de918474-LED',
66 silly get     age: '5983',
66 silly get     'cache-control': 'public, max-age=300',
66 silly get     etag: '"6bf8eee6db2b055aeabec88b73f0239a"',
66 silly get     'last-modified': 'Tue, 02 Mar 2021 17:12:19 GMT',
66 silly get     vary: 'Accept-Encoding',
66 silly get     'cf-cache-status': 'HIT',
66 silly get     'cf-request-id': '0af8b4870800008474191f2000000001',
66 silly get     'expect-ct': 'max-age=604800, report-uri="https://report-uri.cloudflare.com/cdn-cgi/beacon/expect-ct"',
66 silly get     server: 'cloudflare' } ]
67 verbose etag https://registry.npmjs.org/jquery from cache
68 verbose get saving jquery to C:\Users\akazantsev\AppData\Roaming\npm-cache\registry.npmjs.org\jquery\.cache.json
69 http 304 https://registry.npmjs.org/datatables
70 verbose headers { date: 'Tue, 29 Jun 2021 09:30:53 GMT',
70 verbose headers   connection: 'keep-alive',
70 verbose headers   'cf-ray': '666e2384d986c3ed-LED',
70 verbose headers   age: '66',
70 verbose headers   'cache-control': 'public, max-age=300',
70 verbose headers   etag: '"d6c7ee854d6f58769a39fd14ea1b8251"',
70 verbose headers   'last-modified': 'Wed, 20 Jun 2018 08:59:36 GMT',
70 verbose headers   vary: 'Accept-Encoding',
70 verbose headers   'cf-cache-status': 'HIT',
70 verbose headers   'cf-request-id': '0af8b487090000c3ed1cbdd000000001',
70 verbose headers   'expect-ct': 'max-age=604800, report-uri="https://report-uri.cloudflare.com/cdn-cgi/beacon/expect-ct"',
70 verbose headers   server: 'cloudflare' }
71 silly get cb [ 304,
71 silly get   { date: 'Tue, 29 Jun 2021 09:30:53 GMT',
71 silly get     connection: 'keep-alive',
71 silly get     'cf-ray': '666e2384d986c3ed-LED',
71 silly get     age: '66',
71 silly get     'cache-control': 'public, max-age=300',
71 silly get     etag: '"d6c7ee854d6f58769a39fd14ea1b8251"',
71 silly get     'last-modified': 'Wed, 20 Jun 2018 08:59:36 GMT',
71 silly get     vary: 'Accept-Encoding',
71 silly get     'cf-cache-status': 'HIT',
71 silly get     'cf-request-id': '0af8b487090000c3ed1cbdd000000001',
71 silly get     'expect-ct': 'max-age=604800, report-uri="https://report-uri.cloudflare.com/cdn-cgi/beacon/expect-ct"',
71 silly get     server: 'cloudflare' } ]
72 verbose etag https://registry.npmjs.org/datatables from cache
73 verbose get saving datatables to C:\Users\akazantsev\AppData\Roaming\npm-cache\registry.npmjs.org\datatables\.cache.json
74 http 304 https://registry.npmjs.org/underscore
75 verbose headers { date: 'Tue, 29 Jun 2021 09:30:53 GMT',
75 verbose headers   connection: 'keep-alive',
75 verbose headers   'cf-ray': '666e2384efebc406-LED',
75 verbose headers   age: '6765',
75 verbose headers   'cache-control': 'public, max-age=300',
75 verbose headers   etag: '"b61ac632f31812b2e119122d913efd3f"',
75 verbose headers   'last-modified': 'Sun, 20 Jun 2021 16:05:40 GMT',
75 verbose headers   vary: 'Accept-Encoding',
75 verbose headers   'cf-cache-status': 'HIT',
75 verbose headers   'cf-request-id': '0af8b4870e0000c406d1ad7000000001',
75 verbose headers   'expect-ct': 'max-age=604800, report-uri="https://report-uri.cloudflare.com/cdn-cgi/beacon/expect-ct"',
75 verbose headers   server: 'cloudflare' }
76 silly get cb [ 304,
76 silly get   { date: 'Tue, 29 Jun 2021 09:30:53 GMT',
76 silly get     connection: 'keep-alive',
76 silly get     'cf-ray': '666e2384efebc406-LED',
76 silly get     age: '6765',
76 silly get     'cache-control': 'public, max-age=300',
76 silly get     etag: '"b61ac632f31812b2e119122d913efd3f"',
76 silly get     'last-modified': 'Sun, 20 Jun 2021 16:05:40 GMT',
76 silly get     vary: 'Accept-Encoding',
76 silly get     'cf-cache-status': 'HIT',
76 silly get     'cf-request-id': '0af8b4870e0000c406d1ad7000000001',
76 silly get     'expect-ct': 'max-age=604800, report-uri="https://report-uri.cloudflare.com/cdn-cgi/beacon/expect-ct"',
76 silly get     server: 'cloudflare' } ]
77 verbose etag https://registry.npmjs.org/underscore from cache
78 verbose get saving underscore to C:\Users\akazantsev\AppData\Roaming\npm-cache\registry.npmjs.org\underscore\.cache.json
79 silly resolveWithNewModule jquery@2.2.4 checking installable status
80 silly cache add args [ 'jquery@^2.1.3', null ]
81 verbose cache add spec jquery@^2.1.3
82 silly cache add parsed spec Result {
82 silly cache add   raw: 'jquery@^2.1.3',
82 silly cache add   scope: null,
82 silly cache add   name: 'jquery',
82 silly cache add   rawSpec: '^2.1.3',
82 silly cache add   spec: '>=2.1.3-0 <3.0.0-0',
82 silly cache add   type: 'range' }
83 silly addNamed jquery@>=2.1.3-0 <3.0.0-0
84 verbose addNamed ">=2.1.3-0 <3.0.0-0" is a valid semver range for jquery
85 silly addNameRange { name: 'jquery', range: '>=2.1.3-0 <3.0.0-0', hasData: false }
86 silly mapToRegistry name jquery
87 silly mapToRegistry using default registry
88 silly mapToRegistry registry https://registry.npmjs.org/
89 silly mapToRegistry uri https://registry.npmjs.org/jquery
90 verbose addNameRange registry:https://registry.npmjs.org/jquery not in flight; fetching
91 verbose stack Error: Missing required argument #1
91 verbose stack     at andLogAndFinish (C:\Program Files (x86)\Microsoft Visual Studio 14.0\Web\External\node_modules\npm\lib\fetch-package-metadata.js:30:3)
91 verbose stack     at fetchPackageMetadata (C:\Program Files (x86)\Microsoft Visual Studio 14.0\Web\External\node_modules\npm\lib\fetch-package-metadata.js:50:22)
91 verbose stack     at resolveWithNewModule (C:\Program Files (x86)\Microsoft Visual Studio 14.0\Web\External\node_modules\npm\lib\install\deps.js:401:12)
91 verbose stack     at C:\Program Files (x86)\Microsoft Visual Studio 14.0\Web\External\node_modules\npm\lib\install\deps.js:402:7
91 verbose stack     at C:\Program Files (x86)\Microsoft Visual Studio 14.0\Web\External\node_modules\iferr\index.js:13:50
91 verbose stack     at C:\Program Files (x86)\Microsoft Visual Studio 14.0\Web\External\node_modules\npm\lib\fetch-package-metadata.js:36:12
91 verbose stack     at addRequestedAndFinish (C:\Program Files (x86)\Microsoft Visual Studio 14.0\Web\External\node_modules\npm\lib\fetch-package-metadata.js:72:5)
91 verbose stack     at returnAndAddMetadata (C:\Program Files (x86)\Microsoft Visual Studio 14.0\Web\External\node_modules\npm\lib\fetch-package-metadata.js:107:7)
91 verbose stack     at pickVersionFromRegistryDocument (C:\Program Files (x86)\Microsoft Visual Studio 14.0\Web\External\node_modules\npm\lib\fetch-package-metadata.js:124:20)
91 verbose stack     at C:\Program Files (x86)\Microsoft Visual Studio 14.0\Web\External\node_modules\iferr\index.js:13:50
92 verbose cwd D:\FIS_PRIEM\source\fisgia\Ege.Result\Solution\Ege.Check.App.Web.Blanks
93 error Windows_NT 10.0.19041
94 error argv "C:\\Program Files (x86)\\Microsoft Visual Studio 14.0\\Web\\External\\node.exe" "C:\\Program Files (x86)\\Microsoft Visual Studio 14.0\\Web\\External\\node_modules\\npm\\bin\\npm-cli.js" "install"
95 error node v5.4.1
96 error npm  v3.3.4
97 error code EMISSINGARG
98 error typeerror Error: Missing required argument #1
98 error typeerror     at andLogAndFinish (C:\Program Files (x86)\Microsoft Visual Studio 14.0\Web\External\node_modules\npm\lib\fetch-package-metadata.js:30:3)
98 error typeerror     at fetchPackageMetadata (C:\Program Files (x86)\Microsoft Visual Studio 14.0\Web\External\node_modules\npm\lib\fetch-package-metadata.js:50:22)
98 error typeerror     at resolveWithNewModule (C:\Program Files (x86)\Microsoft Visual Studio 14.0\Web\External\node_modules\npm\lib\install\deps.js:401:12)
98 error typeerror     at C:\Program Files (x86)\Microsoft Visual Studio 14.0\Web\External\node_modules\npm\lib\install\deps.js:402:7
98 error typeerror     at C:\Program Files (x86)\Microsoft Visual Studio 14.0\Web\External\node_modules\iferr\index.js:13:50
98 error typeerror     at C:\Program Files (x86)\Microsoft Visual Studio 14.0\Web\External\node_modules\npm\lib\fetch-package-metadata.js:36:12
98 error typeerror     at addRequestedAndFinish (C:\Program Files (x86)\Microsoft Visual Studio 14.0\Web\External\node_modules\npm\lib\fetch-package-metadata.js:72:5)
98 error typeerror     at returnAndAddMetadata (C:\Program Files (x86)\Microsoft Visual Studio 14.0\Web\External\node_modules\npm\lib\fetch-package-metadata.js:107:7)
98 error typeerror     at pickVersionFromRegistryDocument (C:\Program Files (x86)\Microsoft Visual Studio 14.0\Web\External\node_modules\npm\lib\fetch-package-metadata.js:124:20)
98 error typeerror     at C:\Program Files (x86)\Microsoft Visual Studio 14.0\Web\External\node_modules\iferr\index.js:13:50
98 error typeerror This is an error with npm itself. Please report this error at:
98 error typeerror     <http://github.com/npm/npm/issues>
99 verbose exit [ 1, true ]
